<?xml version="1.0" encoding="UTF-8"?>
<testsuite xmlns:xsi="http://www.w3.org/2001/XMLSchema-instance" xsi:noNamespaceSchemaLocation="https://maven.apache.org/surefire/maven-surefire-plugin/xsd/surefire-test-report.xsd" name="TestSuite" time="117.823" tests="18" errors="0" skipped="11" failures="7">
  <properties>
[...]
</properties>
  <testcase name="setUp" classname="test.TrialSignupTest" time="117.486">
    <failure message="Unable to parse remote response: Test request was canceled&#10;Build info: version: &apos;3.6.0&apos;, revision: &apos;6fbf3ec767&apos;, time: &apos;2017-09-27T15:28:36.4Z&apos;&#10;System info: host: &apos;WINDOWS-KEN7H9H&apos;, ip: &apos;192.168.56.1&apos;, os.name: &apos;Windows 10&apos;, os.arch: &apos;amd64&apos;, os.version: &apos;10.0&apos;, java.version: &apos;1.8.0_161&apos;&#10;Driver info: driver.version: RemoteWebDriver" type="org.openqa.selenium.WebDriverException">org.openqa.selenium.WebDriverException: 
Unable to parse remote response: Test request was canceled
Build info: version: '3.6.0', revision: '6fbf3ec767', time: '2017-09-27T15:28:36.4Z'
System info: host: 'WINDOWS-KEN7H9H', ip: '192.168.56.1', os.name: 'Windows 10', os.arch: 'amd64', os.version: '10.0', java.version: '1.8.0_161'
Driver info: driver.version: RemoteWebDriver
</failure>
  </testcase>
  <testcase name="setUp" classname="test.TrialSignupTest" time="0">
    <skipped/>
  </testcase>
  <testcase name="setUp" classname="test.TrialSignupTest" time="0">
    <skipped/>
  </testcase>
  <testcase name="setUp" classname="test.TrialSignupTest" time="0">
    <skipped/>
  </testcase>
  <testcase name="setUp" classname="test.TrialSignupTest" time="0">
    <skipped/>
  </testcase>
  <testcase name="setUp" classname="test.TrialSignupTest" time="0">
    <skipped/>
  </testcase>
  <testcase name="registerUsingInvalidCountry" classname="test.TrialSignupTest" time="0">
    <skipped message="Unable to parse remote response: Test request was canceled&#10;Build info: version: &apos;3.6.0&apos;, revision: &apos;6fbf3ec767&apos;, time: &apos;2017-09-27T15:28:36.4Z&apos;&#10;System info: host: &apos;WINDOWS-KEN7H9H&apos;, ip: &apos;192.168.56.1&apos;, os.name: &apos;Windows 10&apos;, os.arch: &apos;amd64&apos;, os.version: &apos;10.0&apos;, java.version: &apos;1.8.0_161&apos;&#10;Driver info: driver.version: RemoteWebDriver"/>
  </testcase>
  <testcase name="tearDown" classname="test.TrialSignupTest" time="117.487">
    <failure type="java.lang.NullPointerException">java.lang.NullPointerException
</failure>
  </testcase>
  <testcase name="tearDown" classname="test.TrialSignupTest" time="117.488">
    <failure type="java.lang.NullPointerException">java.lang.NullPointerException
</failure>
  </testcase>
  <testcase name="tearDown" classname="test.TrialSignupTest" time="117.489">
    <failure type="java.lang.NullPointerException">java.lang.NullPointerException
</failure>
  </testcase>
  <testcase name="tearDown" classname="test.TrialSignupTest" time="117.491">
    <failure type="java.lang.NullPointerException">java.lang.NullPointerException
</failure>
  </testcase>
  <testcase name="tearDown" classname="test.TrialSignupTest" time="117.493">
    <failure type="java.lang.NullPointerException">java.lang.NullPointerException
</failure>
  </testcase>
  <testcase name="tearDown" classname="test.TrialSignupTest" time="117.494">
    <failure type="java.lang.NullPointerException">java.lang.NullPointerException
</failure>
  </testcase>
  <testcase name="registerUsingInvalidEmail" classname="test.TrialSignupTest" time="0">
    <skipped/>
  </testcase>
  <testcase name="registerUsingInvalidPassword" classname="test.TrialSignupTest" time="0">
    <skipped/>
  </testcase>
  <testcase name="registerUsingInvalidPhone" classname="test.TrialSignupTest" time="0">
    <skipped/>
  </testcase>
  <testcase name="registerWithInvalidFirstName" classname="test.TrialSignupTest" time="0">
    <skipped/>
  </testcase>
  <testcase name="registerWithInvalidLastName" classname="test.TrialSignupTest" time="0">
    <skipped/>
  </testcase>
</testsuite>